<?xml version="1.0" encoding="UTF-8"?>
<!-- Generated by org.testng.reporters.JUnitReportReporter -->
<testsuite hostname="JARVIS" name="tests.LoginToMega" tests="1" failures="0" timestamp="21 Jul 2018 14:09:07 GMT" time="21.981" errors="0">
  <testcase name="loginToMega" time="21.981" classname="tests.LoginToMega"/>
</testsuite> <!-- tests.LoginToMega -->
